<?xml version="1.0" encoding="UTF-8"?>
<!-- Generated by org.testng.reporters.JUnitXMLReporter -->
<testsuite hostname="Abhisheks-MacBook-Pro.local" ignored="0" name="Default test" tests="16" failures="0" timestamp="31 Jul 2018 10:18:12 GMT" time="326.007" errors="0">
  <testcase name="ValidateUsernameDisplayTest" time="0.113" classname="com.ebay.qa.testset.HomePageTest"/>
  <testcase name="LoginPageTitleTest" time="0.027" classname="com.ebay.qa.testset.LoginPageTest"/>
  <testcase name="DisplayProduct1" time="24.68" classname="com.ebay.qa.testset.ProductPageTest"/>
  <testcase name="ValidateSavedLinkTextTest" time="0.13" classname="com.ebay.qa.testset.HomePageTest"/>
  <testcase name="HomePageDisplayTest" time="6.018" classname="com.ebay.qa.testset.LoginPageTest"/>
  <testcase name="DisplayProduct2" time="20.497" classname="com.ebay.qa.testset.ProductPageTest"/>
  <testcase name="ValidateFashionLinkTextTest" time="0.174" classname="com.ebay.qa.testset.HomePageTest"/>
  <testcase name="ValidateMotorsLinkTextTest" time="0.202" classname="com.ebay.qa.testset.HomePageTest"/>
  <testcase name="ValidateHomeGardenLinkTextTest" time="0.223" classname="com.ebay.qa.testset.HomePageTest"/>
  <testcase name="ValidateElectronicsLinkTextTest" time="0.291" classname="com.ebay.qa.testset.HomePageTest"/>
  <testcase name="ValidateSportsLinkTextTest" time="0.284" classname="com.ebay.qa.testset.HomePageTest"/>
  <testcase name="ValidateLiquorGroceryLinkTextTest" time="0.453" classname="com.ebay.qa.testset.HomePageTest"/>
  <testcase name="ValidateHealthBeautyLinkTextTest" time="0.476" classname="com.ebay.qa.testset.HomePageTest"/>
  <testcase name="ValidateToysMediaLinkTextTest" time="0.56" classname="com.ebay.qa.testset.HomePageTest"/>
  <testcase name="ValidateCollectablesLinkTextTest" time="0.59" classname="com.ebay.qa.testset.HomePageTest"/>
  <testcase name="ValidateDealsLinkTextTest" time="0.602" classname="com.ebay.qa.testset.HomePageTest"/>
</testsuite> <!-- Default test -->
