<?xml version="1.0" encoding="UTF-8"?>
<testsuite xmlns:xsi="http://www.w3.org/2001/XMLSchema-instance" xsi:noNamespaceSchemaLocation="https://maven.apache.org/surefire/maven-surefire-plugin/xsd/surefire-test-report.xsd" name="TestSuite" time="40.558" tests="44" errors="0" skipped="40" failures="2">
  <properties>
[...]
</properties>
  <testcase name="LoginPageTitleTest" classname="com.ebay.qa.testset.LoginPageTest" time="1.163"/>
  <testcase name="setUp" classname="com.ebay.qa.testset.HomePageTest" time="3.698">
    <failure message="Tried to run command without establishing a connection&#10;Build info: version: &apos;3.13.0&apos;, revision: &apos;2f0d292&apos;, time: &apos;2018-06-25T15:24:21.231Z&apos;&#10;System info: host: &apos;Abhisheks-MacBook-Pro.local&apos;, ip: &apos;192.168.2.1&apos;, os.name: &apos;Mac OS X&apos;, os.arch: &apos;x86_64&apos;, os.version: &apos;10.13.5&apos;, java.version: &apos;1.8.0_121&apos;&#10;Driver info: org.openqa.selenium.firefox.FirefoxDriver&#10;Capabilities {acceptInsecureCerts: true, browserName: firefox, browserVersion: 61.0.1, javascriptEnabled: true, moz:accessibilityChecks: false, moz:headless: false, moz:processID: 715, moz:profile: /var/folders/mw/x9rrqd4914q..., moz:useNonSpecCompliantPointerOrigin: false, moz:webdriverClick: true, pageLoadStrategy: normal, platform: MAC, platformName: MAC, platformVersion: 17.6.0, rotatable: false, timeouts: {implicit: 0, pageLoad: 300000, script: 30000}}" type="org.openqa.selenium.SessionNotCreatedException">org.openqa.selenium.SessionNotCreatedException: 
Tried to run command without establishing a connection
Build info: version: '3.13.0', revision: '2f0d292', time: '2018-06-25T15:24:21.231Z'
System info: host: 'Abhisheks-MacBook-Pro.local', ip: '192.168.2.1', os.name: 'Mac OS X', os.arch: 'x86_64', os.version: '10.13.5', java.version: '1.8.0_121'
Driver info: org.openqa.selenium.firefox.FirefoxDriver
Capabilities {acceptInsecureCerts: true, browserName: firefox, browserVersion: 61.0.1, javascriptEnabled: true, moz:accessibilityChecks: false, moz:headless: false, moz:processID: 715, moz:profile: /var/folders/mw/x9rrqd4914q..., moz:useNonSpecCompliantPointerOrigin: false, moz:webdriverClick: true, pageLoadStrategy: normal, platform: MAC, platformName: MAC, platformVersion: 17.6.0, rotatable: false, timeouts: {implicit: 0, pageLoad: 300000, script: 30000}}
	at com.ebay.qa.testset.HomePageTest.setUp(HomePageTest.java:29)
</failure>
    <system-err><![CDATA[JavaScript error: https://signin.ebay.com.au/ws/eBayISAPI.dll?SignIn&ru=https%3A%2F%2Fwww.ebay.com.au%2F, line 63: NS_ERROR_DOM_BAD_DOCUMENT_DOMAIN: Illegal document.domain value
*** UTM:SVC TimerManager:registerTimer called after profile-before-change notification. Ignoring timer registration for id: telemetry_modules_ping
]]></system-err>
  </testcase>
  <testcase name="setUp" classname="com.ebay.qa.testset.HomePageTest" time="0">
    <skipped/>
  </testcase>
  <testcase name="setUp" classname="com.ebay.qa.testset.HomePageTest" time="0">
    <skipped/>
    <system-err><![CDATA[IPDL protocol error: Handler returned error code!

###!!! [Parent][DispatchAsyncMessage] Error: PLayerTransaction::Msg_ReleaseLayer Processing error: message was deserialized, but the handler returned false (indicating failure)

IPDL protocol error: Handler returned error code!

###!!! [Parent][DispatchAsyncMessage] Error: PLayerTransaction::Msg_ReleaseLayer Processing error: message was deserialized, but the handler returned false (indicating failure)

IPDL protocol error: Handler returned error code!

###!!! [Parent][DispatchAsyncMessage] Error: PLayerTransaction::Msg_ReleaseLayer Processing error: message was deserialized, but the handler returned false (indicating failure)

IPDL protocol error: Handler returned error code!

###!!! [Parent][DispatchAsyncMessage] Error: PLayerTransaction::Msg_ReleaseLayer Processing error: message was deserialized, but the handler returned false (indicating failure)

IPDL protocol error: Handler returned error code!

###!!! [Parent][DispatchAsyncMessage] Error: PLayerTransaction::Msg_ReleaseLayer Processing error: message was deserialized, but the handler returned false (indicating failure)

IPDL protocol error: Handler returned error code!

###!!! [Parent][DispatchAsyncMessage] Error: PLayerTransaction::Msg_ReleaseLayer Processing error: message was deserialized, but the handler returned false (indicating failure)

*** UTM:SVC TimerManager:registerTimer called after profile-before-change notification. Ignoring timer registration for id: telemetry_modules_ping
]]></system-err>
  </testcase>
  <testcase name="setUp" classname="com.ebay.qa.testset.HomePageTest" time="0">
    <skipped/>
  </testcase>
  <testcase name="setUp" classname="com.ebay.qa.testset.HomePageTest" time="0">
    <skipped/>
  </testcase>
  <testcase name="setUp" classname="com.ebay.qa.testset.HomePageTest" time="0">
    <skipped/>
  </testcase>
  <testcase name="setUp" classname="com.ebay.qa.testset.HomePageTest" time="0">
    <skipped/>
  </testcase>
  <testcase name="setUp" classname="com.ebay.qa.testset.HomePageTest" time="0">
    <skipped/>
  </testcase>
  <testcase name="setUp" classname="com.ebay.qa.testset.HomePageTest" time="0">
    <skipped/>
  </testcase>
  <testcase name="setUp" classname="com.ebay.qa.testset.HomePageTest" time="0">
    <skipped/>
  </testcase>
  <testcase name="setUp" classname="com.ebay.qa.testset.HomePageTest" time="0">
    <skipped/>
  </testcase>
  <testcase name="setUp" classname="com.ebay.qa.testset.HomePageTest" time="0">
    <skipped/>
  </testcase>
  <testcase name="setUp" classname="com.ebay.qa.testset.ProductPageTest" time="3.698">
    <failure message="Tried to run command without establishing a connection&#10;Build info: version: &apos;3.13.0&apos;, revision: &apos;2f0d292&apos;, time: &apos;2018-06-25T15:24:21.231Z&apos;&#10;System info: host: &apos;Abhisheks-MacBook-Pro.local&apos;, ip: &apos;192.168.2.1&apos;, os.name: &apos;Mac OS X&apos;, os.arch: &apos;x86_64&apos;, os.version: &apos;10.13.5&apos;, java.version: &apos;1.8.0_121&apos;&#10;Driver info: org.openqa.selenium.firefox.FirefoxDriver&#10;Capabilities {acceptInsecureCerts: true, browserName: firefox, browserVersion: 61.0.1, javascriptEnabled: true, moz:accessibilityChecks: false, moz:headless: false, moz:processID: 715, moz:profile: /var/folders/mw/x9rrqd4914q..., moz:useNonSpecCompliantPointerOrigin: false, moz:webdriverClick: true, pageLoadStrategy: normal, platform: MAC, platformName: MAC, platformVersion: 17.6.0, rotatable: false, timeouts: {implicit: 0, pageLoad: 300000, script: 30000}}&#10;*** Element info: {Using=xpath, value=//input[@name=&apos;userid&apos;]}" type="org.openqa.selenium.SessionNotCreatedException">org.openqa.selenium.SessionNotCreatedException: 
Tried to run command without establishing a connection
Build info: version: '3.13.0', revision: '2f0d292', time: '2018-06-25T15:24:21.231Z'
System info: host: 'Abhisheks-MacBook-Pro.local', ip: '192.168.2.1', os.name: 'Mac OS X', os.arch: 'x86_64', os.version: '10.13.5', java.version: '1.8.0_121'
Driver info: org.openqa.selenium.firefox.FirefoxDriver
Capabilities {acceptInsecureCerts: true, browserName: firefox, browserVersion: 61.0.1, javascriptEnabled: true, moz:accessibilityChecks: false, moz:headless: false, moz:processID: 715, moz:profile: /var/folders/mw/x9rrqd4914q..., moz:useNonSpecCompliantPointerOrigin: false, moz:webdriverClick: true, pageLoadStrategy: normal, platform: MAC, platformName: MAC, platformVersion: 17.6.0, rotatable: false, timeouts: {implicit: 0, pageLoad: 300000, script: 30000}}
*** Element info: {Using=xpath, value=//input[@name='userid']}
	at com.ebay.qa.testset.ProductPageTest.setUp(ProductPageTest.java:31)
</failure>
  </testcase>
  <testcase name="setUp" classname="com.ebay.qa.testset.ProductPageTest" time="0">
    <skipped/>
  </testcase>
  <testcase name="DisplayProduct1" classname="com.ebay.qa.testset.ProductPageTest" time="0">
    <skipped message="Tried to run command without establishing a connection&#10;Build info: version: &apos;3.13.0&apos;, revision: &apos;2f0d292&apos;, time: &apos;2018-06-25T15:24:21.231Z&apos;&#10;System info: host: &apos;Abhisheks-MacBook-Pro.local&apos;, ip: &apos;192.168.2.1&apos;, os.name: &apos;Mac OS X&apos;, os.arch: &apos;x86_64&apos;, os.version: &apos;10.13.5&apos;, java.version: &apos;1.8.0_121&apos;&#10;Driver info: org.openqa.selenium.firefox.FirefoxDriver&#10;Capabilities {acceptInsecureCerts: true, browserName: firefox, browserVersion: 61.0.1, javascriptEnabled: true, moz:accessibilityChecks: false, moz:headless: false, moz:processID: 715, moz:profile: /var/folders/mw/x9rrqd4914q..., moz:useNonSpecCompliantPointerOrigin: false, moz:webdriverClick: true, pageLoadStrategy: normal, platform: MAC, platformName: MAC, platformVersion: 17.6.0, rotatable: false, timeouts: {implicit: 0, pageLoad: 300000, script: 30000}}&#10;*** Element info: {Using=xpath, value=//input[@name=&apos;userid&apos;]}"/>
  </testcase>
  <testcase name="ValidateUsernameDisplayTest" classname="com.ebay.qa.testset.HomePageTest" time="0">
    <skipped message="Tried to run command without establishing a connection&#10;Build info: version: &apos;3.13.0&apos;, revision: &apos;2f0d292&apos;, time: &apos;2018-06-25T15:24:21.231Z&apos;&#10;System info: host: &apos;Abhisheks-MacBook-Pro.local&apos;, ip: &apos;192.168.2.1&apos;, os.name: &apos;Mac OS X&apos;, os.arch: &apos;x86_64&apos;, os.version: &apos;10.13.5&apos;, java.version: &apos;1.8.0_121&apos;&#10;Driver info: org.openqa.selenium.firefox.FirefoxDriver&#10;Capabilities {acceptInsecureCerts: true, browserName: firefox, browserVersion: 61.0.1, javascriptEnabled: true, moz:accessibilityChecks: false, moz:headless: false, moz:processID: 715, moz:profile: /var/folders/mw/x9rrqd4914q..., moz:useNonSpecCompliantPointerOrigin: false, moz:webdriverClick: true, pageLoadStrategy: normal, platform: MAC, platformName: MAC, platformVersion: 17.6.0, rotatable: false, timeouts: {implicit: 0, pageLoad: 300000, script: 30000}}"/>
  </testcase>
  <testcase name="teardown" classname="com.ebay.qa.testset.HomePageTest" time="0">
    <skipped/>
  </testcase>
  <testcase name="teardown" classname="com.ebay.qa.testset.HomePageTest" time="0">
    <skipped/>
  </testcase>
  <testcase name="teardown" classname="com.ebay.qa.testset.HomePageTest" time="0">
    <skipped/>
  </testcase>
  <testcase name="teardown" classname="com.ebay.qa.testset.HomePageTest" time="0">
    <skipped/>
  </testcase>
  <testcase name="teardown" classname="com.ebay.qa.testset.HomePageTest" time="0">
    <skipped/>
  </testcase>
  <testcase name="teardown" classname="com.ebay.qa.testset.HomePageTest" time="0">
    <skipped/>
  </testcase>
  <testcase name="teardown" classname="com.ebay.qa.testset.HomePageTest" time="0">
    <skipped/>
  </testcase>
  <testcase name="teardown" classname="com.ebay.qa.testset.HomePageTest" time="0">
    <skipped/>
  </testcase>
  <testcase name="teardown" classname="com.ebay.qa.testset.HomePageTest" time="0">
    <skipped/>
  </testcase>
  <testcase name="teardown" classname="com.ebay.qa.testset.HomePageTest" time="0">
    <skipped/>
  </testcase>
  <testcase name="teardown" classname="com.ebay.qa.testset.HomePageTest" time="0">
    <skipped/>
  </testcase>
  <testcase name="teardown" classname="com.ebay.qa.testset.HomePageTest" time="0">
    <skipped/>
  </testcase>
  <testcase name="teardown" classname="com.ebay.qa.testset.ProductPageTest" time="0">
    <skipped/>
  </testcase>
  <testcase name="teardown" classname="com.ebay.qa.testset.ProductPageTest" time="0">
    <skipped/>
  </testcase>
  <testcase name="ValidateSavedLinkTextTest" classname="com.ebay.qa.testset.HomePageTest" time="0">
    <skipped message="Tried to run command without establishing a connection&#10;Build info: version: &apos;3.13.0&apos;, revision: &apos;2f0d292&apos;, time: &apos;2018-06-25T15:24:21.231Z&apos;&#10;System info: host: &apos;Abhisheks-MacBook-Pro.local&apos;, ip: &apos;192.168.2.1&apos;, os.name: &apos;Mac OS X&apos;, os.arch: &apos;x86_64&apos;, os.version: &apos;10.13.5&apos;, java.version: &apos;1.8.0_121&apos;&#10;Driver info: org.openqa.selenium.firefox.FirefoxDriver&#10;Capabilities {acceptInsecureCerts: true, browserName: firefox, browserVersion: 61.0.1, javascriptEnabled: true, moz:accessibilityChecks: false, moz:headless: false, moz:processID: 715, moz:profile: /var/folders/mw/x9rrqd4914q..., moz:useNonSpecCompliantPointerOrigin: false, moz:webdriverClick: true, pageLoadStrategy: normal, platform: MAC, platformName: MAC, platformVersion: 17.6.0, rotatable: false, timeouts: {implicit: 0, pageLoad: 300000, script: 30000}}"/>
  </testcase>
  <testcase name="DisplayProduct2" classname="com.ebay.qa.testset.ProductPageTest" time="0">
    <skipped message="Tried to run command without establishing a connection&#10;Build info: version: &apos;3.13.0&apos;, revision: &apos;2f0d292&apos;, time: &apos;2018-06-25T15:24:21.231Z&apos;&#10;System info: host: &apos;Abhisheks-MacBook-Pro.local&apos;, ip: &apos;192.168.2.1&apos;, os.name: &apos;Mac OS X&apos;, os.arch: &apos;x86_64&apos;, os.version: &apos;10.13.5&apos;, java.version: &apos;1.8.0_121&apos;&#10;Driver info: org.openqa.selenium.firefox.FirefoxDriver&#10;Capabilities {acceptInsecureCerts: true, browserName: firefox, browserVersion: 61.0.1, javascriptEnabled: true, moz:accessibilityChecks: false, moz:headless: false, moz:processID: 715, moz:profile: /var/folders/mw/x9rrqd4914q..., moz:useNonSpecCompliantPointerOrigin: false, moz:webdriverClick: true, pageLoadStrategy: normal, platform: MAC, platformName: MAC, platformVersion: 17.6.0, rotatable: false, timeouts: {implicit: 0, pageLoad: 300000, script: 30000}}&#10;*** Element info: {Using=xpath, value=//input[@name=&apos;userid&apos;]}"/>
  </testcase>
  <testcase name="HomePageDisplayTest" classname="com.ebay.qa.testset.LoginPageTest" time="6.851"/>
  <testcase name="ValidateFashionLinkTextTest" classname="com.ebay.qa.testset.HomePageTest" time="0">
    <skipped message="Tried to run command without establishing a connection&#10;Build info: version: &apos;3.13.0&apos;, revision: &apos;2f0d292&apos;, time: &apos;2018-06-25T15:24:21.231Z&apos;&#10;System info: host: &apos;Abhisheks-MacBook-Pro.local&apos;, ip: &apos;192.168.2.1&apos;, os.name: &apos;Mac OS X&apos;, os.arch: &apos;x86_64&apos;, os.version: &apos;10.13.5&apos;, java.version: &apos;1.8.0_121&apos;&#10;Driver info: org.openqa.selenium.firefox.FirefoxDriver&#10;Capabilities {acceptInsecureCerts: true, browserName: firefox, browserVersion: 61.0.1, javascriptEnabled: true, moz:accessibilityChecks: false, moz:headless: false, moz:processID: 715, moz:profile: /var/folders/mw/x9rrqd4914q..., moz:useNonSpecCompliantPointerOrigin: false, moz:webdriverClick: true, pageLoadStrategy: normal, platform: MAC, platformName: MAC, platformVersion: 17.6.0, rotatable: false, timeouts: {implicit: 0, pageLoad: 300000, script: 30000}}"/>
  </testcase>
  <testcase name="ValidateMotorsLinkTextTest" classname="com.ebay.qa.testset.HomePageTest" time="0">
    <skipped message="Tried to run command without establishing a connection&#10;Build info: version: &apos;3.13.0&apos;, revision: &apos;2f0d292&apos;, time: &apos;2018-06-25T15:24:21.231Z&apos;&#10;System info: host: &apos;Abhisheks-MacBook-Pro.local&apos;, ip: &apos;192.168.2.1&apos;, os.name: &apos;Mac OS X&apos;, os.arch: &apos;x86_64&apos;, os.version: &apos;10.13.5&apos;, java.version: &apos;1.8.0_121&apos;&#10;Driver info: org.openqa.selenium.firefox.FirefoxDriver&#10;Capabilities {acceptInsecureCerts: true, browserName: firefox, browserVersion: 61.0.1, javascriptEnabled: true, moz:accessibilityChecks: false, moz:headless: false, moz:processID: 715, moz:profile: /var/folders/mw/x9rrqd4914q..., moz:useNonSpecCompliantPointerOrigin: false, moz:webdriverClick: true, pageLoadStrategy: normal, platform: MAC, platformName: MAC, platformVersion: 17.6.0, rotatable: false, timeouts: {implicit: 0, pageLoad: 300000, script: 30000}}"/>
  </testcase>
  <testcase name="ValidateHomeGardenLinkTextTest" classname="com.ebay.qa.testset.HomePageTest" time="0">
    <skipped message="Tried to run command without establishing a connection&#10;Build info: version: &apos;3.13.0&apos;, revision: &apos;2f0d292&apos;, time: &apos;2018-06-25T15:24:21.231Z&apos;&#10;System info: host: &apos;Abhisheks-MacBook-Pro.local&apos;, ip: &apos;192.168.2.1&apos;, os.name: &apos;Mac OS X&apos;, os.arch: &apos;x86_64&apos;, os.version: &apos;10.13.5&apos;, java.version: &apos;1.8.0_121&apos;&#10;Driver info: org.openqa.selenium.firefox.FirefoxDriver&#10;Capabilities {acceptInsecureCerts: true, browserName: firefox, browserVersion: 61.0.1, javascriptEnabled: true, moz:accessibilityChecks: false, moz:headless: false, moz:processID: 715, moz:profile: /var/folders/mw/x9rrqd4914q..., moz:useNonSpecCompliantPointerOrigin: false, moz:webdriverClick: true, pageLoadStrategy: normal, platform: MAC, platformName: MAC, platformVersion: 17.6.0, rotatable: false, timeouts: {implicit: 0, pageLoad: 300000, script: 30000}}"/>
  </testcase>
  <testcase name="ValidateElectronicsLinkTextTest" classname="com.ebay.qa.testset.HomePageTest" time="0">
    <skipped message="Tried to run command without establishing a connection&#10;Build info: version: &apos;3.13.0&apos;, revision: &apos;2f0d292&apos;, time: &apos;2018-06-25T15:24:21.231Z&apos;&#10;System info: host: &apos;Abhisheks-MacBook-Pro.local&apos;, ip: &apos;192.168.2.1&apos;, os.name: &apos;Mac OS X&apos;, os.arch: &apos;x86_64&apos;, os.version: &apos;10.13.5&apos;, java.version: &apos;1.8.0_121&apos;&#10;Driver info: org.openqa.selenium.firefox.FirefoxDriver&#10;Capabilities {acceptInsecureCerts: true, browserName: firefox, browserVersion: 61.0.1, javascriptEnabled: true, moz:accessibilityChecks: false, moz:headless: false, moz:processID: 715, moz:profile: /var/folders/mw/x9rrqd4914q..., moz:useNonSpecCompliantPointerOrigin: false, moz:webdriverClick: true, pageLoadStrategy: normal, platform: MAC, platformName: MAC, platformVersion: 17.6.0, rotatable: false, timeouts: {implicit: 0, pageLoad: 300000, script: 30000}}"/>
  </testcase>
  <testcase name="ValidateSportsLinkTextTest" classname="com.ebay.qa.testset.HomePageTest" time="0">
    <skipped message="Tried to run command without establishing a connection&#10;Build info: version: &apos;3.13.0&apos;, revision: &apos;2f0d292&apos;, time: &apos;2018-06-25T15:24:21.231Z&apos;&#10;System info: host: &apos;Abhisheks-MacBook-Pro.local&apos;, ip: &apos;192.168.2.1&apos;, os.name: &apos;Mac OS X&apos;, os.arch: &apos;x86_64&apos;, os.version: &apos;10.13.5&apos;, java.version: &apos;1.8.0_121&apos;&#10;Driver info: org.openqa.selenium.firefox.FirefoxDriver&#10;Capabilities {acceptInsecureCerts: true, browserName: firefox, browserVersion: 61.0.1, javascriptEnabled: true, moz:accessibilityChecks: false, moz:headless: false, moz:processID: 715, moz:profile: /var/folders/mw/x9rrqd4914q..., moz:useNonSpecCompliantPointerOrigin: false, moz:webdriverClick: true, pageLoadStrategy: normal, platform: MAC, platformName: MAC, platformVersion: 17.6.0, rotatable: false, timeouts: {implicit: 0, pageLoad: 300000, script: 30000}}"/>
  </testcase>
  <testcase name="ValidateLiquorGroceryLinkTextTest" classname="com.ebay.qa.testset.HomePageTest" time="0">
    <skipped message="Tried to run command without establishing a connection&#10;Build info: version: &apos;3.13.0&apos;, revision: &apos;2f0d292&apos;, time: &apos;2018-06-25T15:24:21.231Z&apos;&#10;System info: host: &apos;Abhisheks-MacBook-Pro.local&apos;, ip: &apos;192.168.2.1&apos;, os.name: &apos;Mac OS X&apos;, os.arch: &apos;x86_64&apos;, os.version: &apos;10.13.5&apos;, java.version: &apos;1.8.0_121&apos;&#10;Driver info: org.openqa.selenium.firefox.FirefoxDriver&#10;Capabilities {acceptInsecureCerts: true, browserName: firefox, browserVersion: 61.0.1, javascriptEnabled: true, moz:accessibilityChecks: false, moz:headless: false, moz:processID: 715, moz:profile: /var/folders/mw/x9rrqd4914q..., moz:useNonSpecCompliantPointerOrigin: false, moz:webdriverClick: true, pageLoadStrategy: normal, platform: MAC, platformName: MAC, platformVersion: 17.6.0, rotatable: false, timeouts: {implicit: 0, pageLoad: 300000, script: 30000}}"/>
  </testcase>
  <testcase name="ValidateHealthBeautyLinkTextTest" classname="com.ebay.qa.testset.HomePageTest" time="0">
    <skipped message="Tried to run command without establishing a connection&#10;Build info: version: &apos;3.13.0&apos;, revision: &apos;2f0d292&apos;, time: &apos;2018-06-25T15:24:21.231Z&apos;&#10;System info: host: &apos;Abhisheks-MacBook-Pro.local&apos;, ip: &apos;192.168.2.1&apos;, os.name: &apos;Mac OS X&apos;, os.arch: &apos;x86_64&apos;, os.version: &apos;10.13.5&apos;, java.version: &apos;1.8.0_121&apos;&#10;Driver info: org.openqa.selenium.firefox.FirefoxDriver&#10;Capabilities {acceptInsecureCerts: true, browserName: firefox, browserVersion: 61.0.1, javascriptEnabled: true, moz:accessibilityChecks: false, moz:headless: false, moz:processID: 715, moz:profile: /var/folders/mw/x9rrqd4914q..., moz:useNonSpecCompliantPointerOrigin: false, moz:webdriverClick: true, pageLoadStrategy: normal, platform: MAC, platformName: MAC, platformVersion: 17.6.0, rotatable: false, timeouts: {implicit: 0, pageLoad: 300000, script: 30000}}"/>
  </testcase>
  <testcase name="ValidateToysMediaLinkTextTest" classname="com.ebay.qa.testset.HomePageTest" time="0">
    <skipped message="Tried to run command without establishing a connection&#10;Build info: version: &apos;3.13.0&apos;, revision: &apos;2f0d292&apos;, time: &apos;2018-06-25T15:24:21.231Z&apos;&#10;System info: host: &apos;Abhisheks-MacBook-Pro.local&apos;, ip: &apos;192.168.2.1&apos;, os.name: &apos;Mac OS X&apos;, os.arch: &apos;x86_64&apos;, os.version: &apos;10.13.5&apos;, java.version: &apos;1.8.0_121&apos;&#10;Driver info: org.openqa.selenium.firefox.FirefoxDriver&#10;Capabilities {acceptInsecureCerts: true, browserName: firefox, browserVersion: 61.0.1, javascriptEnabled: true, moz:accessibilityChecks: false, moz:headless: false, moz:processID: 715, moz:profile: /var/folders/mw/x9rrqd4914q..., moz:useNonSpecCompliantPointerOrigin: false, moz:webdriverClick: true, pageLoadStrategy: normal, platform: MAC, platformName: MAC, platformVersion: 17.6.0, rotatable: false, timeouts: {implicit: 0, pageLoad: 300000, script: 30000}}"/>
  </testcase>
  <testcase name="ValidateCollectablesLinkTextTest" classname="com.ebay.qa.testset.HomePageTest" time="0">
    <skipped message="Tried to run command without establishing a connection&#10;Build info: version: &apos;3.13.0&apos;, revision: &apos;2f0d292&apos;, time: &apos;2018-06-25T15:24:21.231Z&apos;&#10;System info: host: &apos;Abhisheks-MacBook-Pro.local&apos;, ip: &apos;192.168.2.1&apos;, os.name: &apos;Mac OS X&apos;, os.arch: &apos;x86_64&apos;, os.version: &apos;10.13.5&apos;, java.version: &apos;1.8.0_121&apos;&#10;Driver info: org.openqa.selenium.firefox.FirefoxDriver&#10;Capabilities {acceptInsecureCerts: true, browserName: firefox, browserVersion: 61.0.1, javascriptEnabled: true, moz:accessibilityChecks: false, moz:headless: false, moz:processID: 715, moz:profile: /var/folders/mw/x9rrqd4914q..., moz:useNonSpecCompliantPointerOrigin: false, moz:webdriverClick: true, pageLoadStrategy: normal, platform: MAC, platformName: MAC, platformVersion: 17.6.0, rotatable: false, timeouts: {implicit: 0, pageLoad: 300000, script: 30000}}"/>
  </testcase>
  <testcase name="ValidateDealsLinkTextTest" classname="com.ebay.qa.testset.HomePageTest" time="0">
    <skipped message="Tried to run command without establishing a connection&#10;Build info: version: &apos;3.13.0&apos;, revision: &apos;2f0d292&apos;, time: &apos;2018-06-25T15:24:21.231Z&apos;&#10;System info: host: &apos;Abhisheks-MacBook-Pro.local&apos;, ip: &apos;192.168.2.1&apos;, os.name: &apos;Mac OS X&apos;, os.arch: &apos;x86_64&apos;, os.version: &apos;10.13.5&apos;, java.version: &apos;1.8.0_121&apos;&#10;Driver info: org.openqa.selenium.firefox.FirefoxDriver&#10;Capabilities {acceptInsecureCerts: true, browserName: firefox, browserVersion: 61.0.1, javascriptEnabled: true, moz:accessibilityChecks: false, moz:headless: false, moz:processID: 715, moz:profile: /var/folders/mw/x9rrqd4914q..., moz:useNonSpecCompliantPointerOrigin: false, moz:webdriverClick: true, pageLoadStrategy: normal, platform: MAC, platformName: MAC, platformVersion: 17.6.0, rotatable: false, timeouts: {implicit: 0, pageLoad: 300000, script: 30000}}"/>
  </testcase>
</testsuite>